\BOOKMARK [0][-]{dummy.1}{\376\377\000C\000o\000n\000t\000e\000n\000t\000s}{}% 1
\BOOKMARK [0][-]{dummy.3}{\376\377\000L\000i\000s\000t\000\040\000o\000f\000\040\000F\000i\000g\000u\000r\000e\000s}{}% 2
\BOOKMARK [0][-]{dummy.5}{\376\377\000L\000i\000s\000t\000\040\000o\000f\000\040\000T\000a\000b\000l\000e\000s}{}% 3
\BOOKMARK [0][-]{dummy.7}{\376\377\000A\000b\000b\000r\000e\000v\000i\000a\000t\000i\000o\000n\000s}{}% 4
\BOOKMARK [0][-]{chapter.10}{\376\377\0001\000\040\000I\000N\000T\000R\000O\000D\000U\000C\000T\000I\000O\000N}{}% 5
\BOOKMARK [0][-]{chapter.11}{\376\377\0002\000\040\000S\000T\000A\000T\000E\000-\000O\000F\000-\000T\000H\000E\000-\000A\000R\000T\000\040\000A\000B\000O\000U\000T\000\040\000V\000M\000I}{}% 6
\BOOKMARK [1][-]{section.12}{\376\377\0002\000.\0001\000\040\000S\000E\000M\000A\000N\000T\000I\000C\000\040\000G\000A\000P\000\040\000R\000e\000f\000e\000r\000e\000n\000c\000e\0006}{chapter.11}% 7
\BOOKMARK [1][-]{section.13}{\376\377\0002\000.\0002\000\040\000V\000M\000I\000-\000R\000E\000L\000A\000T\000E\000D\000\040\000T\000E\000R\000M\000I\000N\000O\000L\000O\000G\000Y}{chapter.11}% 8
\BOOKMARK [2][-]{subsection.14}{\376\377\0002\000.\0002\000.\0001\000\040\000S\000e\000m\000a\000n\000t\000i\000c\000a\000l\000l\000y\000\040\000A\000w\000a\000r\000e\000n\000e\000s\000s\000\040\000\046\000\040\000S\000e\000m\000a\000n\000t\000i\000c\000a\000l\000l\000y\000\040\000U\000n\000a\000w\000a\000r\000e\000n\000e\000s\000s}{section.13}% 9
\BOOKMARK [2][-]{subsection.15}{\376\377\0002\000.\0002\000.\0002\000\040\000D\000e\000r\000i\000v\000a\000t\000i\000v\000e\000\040\000P\000a\000t\000t\000e\000r\000n\000\040\000\046\000\040\000D\000e\000l\000i\000v\000e\000r\000y\000\040\000P\000a\000t\000t\000e\000r\000n\000\040\000\046\000\040\000R\000e\000u\000t\000i\000l\000i\000z\000a\000t\000i\000o\000n\000\040\000P\000a\000t\000t\000e\000r\000n}{section.13}% 10
\BOOKMARK [1][-]{section.16}{\376\377\0002\000.\0003\000\040\000V\000M\000I\000\040\000T\000E\000C\000H\000N\000O\000L\000O\000G\000Y\000\040\000E\000V\000O\000L\000U\000T\000I\000O\000N}{chapter.11}% 11
\BOOKMARK [1][-]{section.17}{\376\377\0002\000.\0004\000\040\000R\000E\000P\000R\000E\000S\000E\000N\000T\000I\000V\000E\000\040\000V\000M\000I\000\040\000A\000P\000P\000L\000I\000C\000A\000T\000I\000O\000N}{chapter.11}% 12
\BOOKMARK [2][-]{subsection.18}{\376\377\0002\000.\0004\000.\0001\000\040\000D\000e\000l\000i\000v\000e\000r\000y\000\040\000P\000a\000t\000t\000e\000r\000n\000\040\000V\000M\000I\000\040\000A\000p\000p\000l\000i\000c\000a\000t\000i\000o\000n}{section.17}% 13
\BOOKMARK [2][-]{subsection.20}{\376\377\0002\000.\0004\000.\0002\000\040\000D\000e\000r\000i\000v\000a\000t\000i\000v\000e\000\040\000P\000a\000t\000t\000e\000r\000n\000\040\000V\000M\000I\000\040\000A\000P\000P\000L\000I\000C\000A\000T\000I\000O\000N}{section.17}% 14
\BOOKMARK [1][-]{section.22}{\376\377\0002\000.\0005\000\040\000V\000M\000I\000\040\000R\000E\000L\000A\000T\000E\000D\000\040\000T\000O\000O\000L\000S}{chapter.11}% 15
\BOOKMARK [2][-]{subsection.23}{\376\377\0002\000.\0005\000.\0001\000\040\000L\000i\000b\000V\000M\000I\000/\000X\000e\000n\000A\000c\000c\000e\000s\000s\000\040\000R\000e\000f\000e\000r\000e\000n\000c\000e\0001\0000\000,\000R\000e\000f\000e\000r\000e\000n\000c\000e\0001\0001}{section.22}% 16
\BOOKMARK [2][-]{subsection.24}{\376\377\0002\000.\0005\000.\0002\000\040\000V\000o\000l\000a\000t\000i\000l\000i\000t\000y\000\040\000R\000e\000f\000e\000r\000e\000n\000c\000e\0001\0003}{section.22}% 17
\BOOKMARK [2][-]{subsection.25}{\376\377\0002\000.\0005\000.\0003\000\040\000I\000n\000s\000i\000g\000h\000t\000-\000V\000M\000I\000\040\000R\000e\000f\000e\000r\000e\000n\000c\000e\0001\0004\000,\000R\000e\000f\000e\000r\000e\000n\000c\000e\0001\0005}{section.22}% 18
\BOOKMARK [0][-]{chapter.27}{\376\377\0003\000\040\000I\000N\000T\000E\000R\000N\000S\000H\000I\000P\040\031\000S\000\040\000O\000B\000J\000E\000C\000T\000I\000V\000E}{}% 19
\BOOKMARK [0][-]{chapter.28}{\376\377\0004\000\040\000S\000T\000U\000D\000Y\000\040\000O\000F\000\040\000V\000M\000W\000A\000L\000L\000R\000e\000f\000e\000r\000e\000n\000c\000e\0002}{}% 20
\BOOKMARK [0][-]{chapter.30}{\376\377\0005\000\040\000E\000S\000T\000A\000B\000L\000I\000S\000H\000M\000E\000N\000T\000\040\000O\000F\000\040\000E\000X\000P\000E\000R\000I\000M\000E\000N\000T\000A\000T\000I\000O\000N\000\040\000P\000L\000A\000T\000F\000O\000R\000M}{}% 21
\BOOKMARK [1][-]{section.31}{\376\377\0005\000.\0001\000\040\000W\000I\000N\0007\000\040\000a\000n\000d\000\040\000U\000B\000U\000N\000T\000U\000\040\000D\000U\000A\000L\000-\000B\000O\000O\000T\000\040\000S\000Y\000S\000T\000E\000M}{chapter.30}% 22
\BOOKMARK [1][-]{section.32}{\376\377\0005\000.\0002\000\040\000N\000E\000T\000W\000O\000R\000K\000\040\000C\000O\000N\000F\000I\000G\000U\000R\000A\000T\000I\000O\000N}{chapter.30}% 23
\BOOKMARK [1][-]{section.35}{\376\377\0005\000.\0003\000\040\000K\000V\000M\000\040\000I\000n\000t\000r\000o\000d\000u\000c\000t\000i\000o\000n}{chapter.30}% 24
\BOOKMARK [1][-]{section.36}{\376\377\0005\000.\0004\000\040\000K\000V\000M\040\031\000s\000\040\000O\000p\000e\000r\000a\000t\000i\000n\000g\000\040\000P\000r\000i\000n\000c\000i\000p\000l\000e\000\040\000R\000e\000f\000e\000r\000e\000n\000c\000e\0002\0000}{chapter.30}% 25
\BOOKMARK [1][-]{section.38}{\376\377\0005\000.\0005\000\040\000K\000V\000M\040\031\000s\000\040\000V\000M\000\040\000M\000a\000n\000a\000g\000e\000m\000e\000n\000t\000\040\000T\000o\000o\000l\000s}{chapter.30}% 26
\BOOKMARK [2][-]{subsection.39}{\376\377\0005\000.\0005\000.\0001\000\040\000v\000i\000r\000t\000-\000m\000a\000n\000a\000g\000e\000r}{section.38}% 27
\BOOKMARK [2][-]{subsection.40}{\376\377\0005\000.\0005\000.\0002\000\040\000v\000i\000r\000s\000h}{section.38}% 28
\BOOKMARK [2][-]{subsection.41}{\376\377\0005\000.\0005\000.\0003\000\040\000q\000e\000m\000u\000\040\000c\000o\000m\000m\000a\000n\000d\000\040\000l\000i\000n\000e\000\040\000w\000i\000t\000h\000\040\000'\000'\000e\000n\000a\000b\000l\000e\000-\000k\000v\000m\000'\000'\000\040\000o\000p\000t\000i\000o\000n}{section.38}% 29
\BOOKMARK [2][-]{subsection.42}{\376\377\0005\000.\0005\000.\0004\000\040\000K\000V\000M\000\040\000c\000o\000m\000m\000a\000n\000d}{section.38}% 30
\BOOKMARK [2][-]{subsection.43}{\376\377\0005\000.\0005\000.\0005\000\040\000L\000i\000b\000v\000i\000r\000t}{section.38}% 31
\BOOKMARK [1][-]{section.45}{\376\377\0005\000.\0006\000\040\000K\000V\000M\000/\000Q\000E\000M\000U\000\040\000n\000e\000t\000w\000o\000r\000k\000i\000n\000g}{chapter.30}% 32
\BOOKMARK [2][-]{subsection.46}{\376\377\0005\000.\0006\000.\0001\000\040\000U\000s\000e\000r\000\040\000N\000e\000t\000w\000o\000r\000k\000i\000n\000g}{section.45}% 33
\BOOKMARK [2][-]{subsection.48}{\376\377\0005\000.\0006\000.\0002\000\040\000B\000r\000i\000d\000g\000e\000d\000\040\000N\000e\000t\000w\000o\000r\000k\000i\000n\000g}{section.45}% 34
\BOOKMARK [2][-]{subsection.49}{\376\377\0005\000.\0006\000.\0003\000\040\000n\000e\000t\000w\000o\000r\000k\000i\000n\000g\000\040\000m\000o\000d\000e}{section.45}% 35
\BOOKMARK [1][-]{section.51}{\376\377\0005\000.\0007\000\040\000K\000V\000M\000\040\000i\000n\000s\000t\000a\000l\000l\000a\000t\000i\000o\000n}{chapter.30}% 36
\BOOKMARK [1][-]{section.53}{\376\377\0005\000.\0008\000\040\000K\000V\000M\000\040\000W\000i\000n\0007\000\040\000G\000u\000e\000s\000t\000\040\000M\000a\000n\000i\000p\000u\000l\000a\000t\000i\000o\000n}{chapter.30}% 37
\BOOKMARK [0][-]{chapter.61}{\376\377\0006\000\040\000N\000i\000t\000r\000o\000\040\000i\000n\000s\000t\000a\000l\000l\000a\000t\000i\000o\000n\000\040\000a\000n\000d\000\040\000m\000a\000n\000i\000p\000u\000l\000a\000t\000i\000o\000n}{}% 38
\BOOKMARK [1][-]{section.62}{\376\377\0006\000.\0001\000\040\000I\000n\000s\000t\000a\000l\000l\000a\000t\000i\000o\000n\000\040\000o\000f\000\040\000N\000i\000t\000r\000o}{chapter.61}% 39
\BOOKMARK [1][-]{section.63}{\376\377\0006\000.\0002\000\040\000M\000a\000n\000i\000p\000u\000l\000a\000t\000i\000o\000n\000\040\000o\000f\000\040\000N\000i\000t\000r\000o}{chapter.61}% 40
\BOOKMARK [1][-]{section.65}{\376\377\0006\000.\0003\000\040\000A\000s\000s\000e\000s\000s\000m\000e\000n\000t\000\040\000o\000f\000\040\000N\000i\000t\000r\000o}{chapter.61}% 41
\BOOKMARK [0][-]{chapter.66}{\376\377\0007\000\040\000L\000i\000b\000V\000M\000I\000\046\000V\000o\000l\000a\000t\000i\000l\000i\000t\000y\000\040\000m\000a\000n\000i\000p\000u\000l\000a\000t\000i\000o\000n}{}% 42
\BOOKMARK [1][-]{section.67}{\376\377\0007\000.\0001\000\040\000i\000n\000t\000r\000o\000d\000u\000c\000t\000i\000o\000n}{chapter.66}% 43
\BOOKMARK [1][-]{section.68}{\376\377\0007\000.\0002\000\040\000F\000O\000R\000E\000N\000S\000I\000C\000\040\000M\000E\000M\000O\000R\000Y\000\040\000A\000N\000A\000L\000Y\000S\000I\000S\000\040\000T\000O\000O\000L}{chapter.66}% 44
\BOOKMARK [1][-]{section.70}{\376\377\0007\000.\0003\000\040\000I\000N\000S\000T\000A\000L\000L\000A\000T\000I\000O\000N\000\040\000L\000I\000B\000V\000M\000I\000\040\000A\000N\000D\000\040\000V\000O\000L\000A\000T\000I\000L\000I\000T\000Y\000\040\000I\000N\000\040\000K\000V\000M}{chapter.66}% 45
\BOOKMARK [1][-]{section.73}{\376\377\0007\000.\0004\000\040\000E\000x\000p\000l\000o\000r\000e\000\040\000V\000o\000l\000a\000t\000i\000l\000i\000t\000y\000\040\000w\000i\000t\000h\000\040\000L\000i\000b\000V\000M\000I}{chapter.66}% 46
\BOOKMARK [2][-]{subsection.74}{\376\377\0007\000.\0004\000.\0001\000\040\000I\000n\000t\000r\000o\000d\000u\000c\000t\000i\000o\000n\000\040\000a\000b\000o\000u\000t\000\040\000V\000o\000l\000a\000t\000i\000l\000i\000t\000y}{section.73}% 47
\BOOKMARK [2][-]{subsection.75}{\376\377\0007\000.\0004\000.\0002\000\040\000V\000o\000l\000a\000t\000i\000l\000i\000t\000y\000\040\000U\000s\000a\000g\000e}{section.73}% 48
\BOOKMARK [2][-]{subsection.76}{\376\377\0007\000.\0004\000.\0003\000\040\000P\000l\000u\000g\000i\000n}{section.73}% 49
\BOOKMARK [2][-]{subsection.81}{\376\377\0007\000.\0004\000.\0004\000\040\000P\000r\000o\000f\000i\000l\000e}{section.73}% 50
\BOOKMARK [2][-]{subsection.83}{\376\377\0007\000.\0004\000.\0005\000\040\000A\000d\000d\000r\000e\000s\000s\000\040\000S\000p\000a\000c\000e}{section.73}% 51
\BOOKMARK [1][-]{section.85}{\376\377\0007\000.\0005\000\040\000C\000o\000o\000p\000e\000r\000a\000t\000i\000o\000n\000\040\000w\000i\000t\000h\000\040\000L\000i\000b\000V\000M\000I}{chapter.66}% 52
\BOOKMARK [2][-]{subsection.87}{\376\377\0007\000.\0005\000.\0001\000\040\000P\000y\000V\000M\000I\000\040\000A\000d\000d\000r\000e\000s\000s\000\040\000S\000p\000a\000c\000e\000\040\000P\000l\000u\000g\000i\000n}{section.85}% 53
\BOOKMARK [2][-]{subsection.89}{\376\377\0007\000.\0005\000.\0002\000\040\000P\000y\000v\000m\000i\000f\000s\000.\000p\000y\000\040\000s\000c\000r\000i\000p\000t}{section.85}% 54
\BOOKMARK [1][-]{section.90}{\376\377\0007\000.\0006\000\040\000E\000x\000p\000e\000r\000i\000m\000e\000n\000t\000a\000t\000i\000o\000n\000\040\000R\000e\000s\000u\000l\000t}{chapter.66}% 55
\BOOKMARK [0][-]{chapter.92}{\376\377\0008\000\040\000V\000I\000R\000T\000U\000O\000S\000O\000\040\000I\000N\000S\000T\000A\000L\000L\000A\000T\000I\000O\000N\000\040\000A\000N\000D\000\040\000M\000A\000N\000I\000P\000U\000L\000A\000T\000I\000O\000N}{}% 56
\BOOKMARK [1][-]{section.93}{\376\377\0008\000.\0001\000\040\000I\000n\000s\000t\000a\000l\000l\000a\000t\000i\000o\000n\000\040\000o\000f\000\040\000V\000I\000R\000T\000U\000O\000S\000O}{chapter.92}% 57
\BOOKMARK [2][-]{subsection.94}{\376\377\0008\000.\0001\000.\0001\000\040\000P\000r\000o\000b\000l\000e\000m\000\040\0001\000:\000\040\000N\000o\000\040\000S\000D\000L\000\040\000s\000u\000p\000p\000o\000r\000t\000\040\000f\000o\000r\000\040\000i\000n\000s\000t\000a\000l\000l\000a\000t\000i\000o\000n\000\040\000o\000f\000\040\000Q\000E\000M\000U\000\040\0000\000.\0009\000.\0001}{section.93}% 58
\BOOKMARK [2][-]{subsection.96}{\376\377\0008\000.\0001\000.\0002\000\040\000P\000r\000o\000b\000l\000e\000m\000\040\0002\000:\000\040\000i\000F\000e\000r\000r\000e\000t\000\040\000c\000o\000m\000p\000i\000l\000e\000\040\000e\000r\000r\000o\000r}{section.93}% 59
\BOOKMARK [2][-]{subsection.99}{\376\377\0008\000.\0001\000.\0003\000\040\000P\000r\000o\000b\000l\000e\000m\000\040\0003\000:\000\040\000T\000h\000e\000\040\000a\000b\000o\000r\000t\000\040\000o\000f\000\040\000e\000x\000e\000c\000u\000t\000i\000o\000n\000\040\000o\000f\000\040\000e\000x\000a\000m\000p\000l\000e\000\040\000V\000M\000\040\000i\000m\000a\000g\000e}{section.93}% 60
\BOOKMARK [2][-]{subsection.102}{\376\377\0008\000.\0001\000.\0004\000\040\000P\000r\000o\000b\000l\000e\000m\000\040\0004\000:\000\040\000I\000P\000y\000t\000h\000o\000n\000\040\000r\000u\000n\000t\000i\000m\000e\000\040\000e\000x\000c\000e\000p\000t\000i\000o\000n\000\040\000w\000h\000e\000n\000\040\000g\000e\000n\000e\000r\000a\000t\000i\000n\000g\000\040\000i\000n\000s\000p\000e\000c\000t\000i\000o\000n\000\040\000c\000o\000d\000e\000\040\000w\000i\000t\000h\000\040\000V\000I\000R\000T\000U\000O\000S\000O}{section.93}% 61
\BOOKMARK [1][-]{section.106}{\376\377\0008\000.\0002\000\040\000A\000s\000s\000e\000s\000s\000m\000e\000n\000t\000\040\000o\000f\000\040\000V\000I\000R\000T\000U\000O\000S\000O}{chapter.92}% 62
\BOOKMARK [0][-]{appendix.107}{\376\377\000A\000\040\000A\000p\000p\000e\000n\000d\000i\000x\000\040\000T\000i\000t\000l\000e\000\040\000H\000e\000r\000e}{}% 63
\BOOKMARK [0][-]{dummy.108}{\376\377\000B\000i\000b\000l\000i\000o\000g\000r\000a\000p\000h\000y}{}% 64
